<?xml version="1.0" encoding="UTF-8"?>
<!-- Generated by org.testng.reporters.JUnitReportReporter -->
<testsuite skipped="0" hostname="LAPTOP-LOG2SSBM" name="Come.FourthTest" tests="3" failures="0" timestamp="24 Jun 2020 16:26:15 GMT" time="21.068" errors="0">
  <testcase name="startt" time="3.429" classname="Come.FourthTest"/>
  <testcase name="trail" time="10.396" classname="Come.FourthTest"/>
  <testcase name="drag" time="7.243" classname="Come.FourthTest"/>
</testsuite> <!-- Come.FourthTest -->
