<?xml version="1.0" encoding="UTF-8"?>
<!-- Generated by org.testng.reporters.JUnitReportReporter -->
<testsuite skipped="0" hostname="LAPTOP-LOG2SSBM" name="Come.ThirdTest" tests="1" failures="0" timestamp="24 Jun 2020 16:26:15 GMT" time="8.251" errors="0">
  <testcase name="kilo" time="8.251" classname="Come.ThirdTest"/>
</testsuite> <!-- Come.ThirdTest -->
