<?xml version="1.0" encoding="UTF-8"?>
<!-- Generated by org.testng.reporters.JUnitReportReporter -->
<testsuite skipped="0" hostname="LAPTOP-LOG2SSBM" name="Come.AppTest" tests="1" failures="0" timestamp="24 Jun 2020 16:26:15 GMT" time="0.002" errors="0">
  <testcase name="testApp" time="0.002" classname="Come.AppTest"/>
</testsuite> <!-- Come.AppTest -->
