<?xml version="1.0" encoding="UTF-8"?>
<!-- Generated by org.testng.reporters.JUnitReportReporter -->
<testsuite skipped="0" hostname="LAPTOP-LOG2SSBM" name="Come.ThirdTest" tests="1" failures="0" timestamp="19 Jun 2020 11:10:24 GMT" time="7.150" errors="0">
  <testcase name="kilo" time="7.150" classname="Come.ThirdTest"/>
</testsuite> <!-- Come.ThirdTest -->
