<?xml version="1.0" encoding="UTF-8"?>
<!-- Generated by org.testng.reporters.JUnitReportReporter -->
<testsuite skipped="0" hostname="LAPTOP-LOG2SSBM" name="Come.FourthTest" tests="3" failures="0" timestamp="19 Jun 2020 13:14:27 GMT" time="18.016" errors="0">
  <testcase name="startt" time="3.674" classname="Come.FourthTest"/>
  <testcase name="trail" time="8.558" classname="Come.FourthTest"/>
  <testcase name="drag" time="5.784" classname="Come.FourthTest"/>
</testsuite> <!-- Come.FourthTest -->
