<?xml version="1.0" encoding="UTF-8"?>
<!-- Generated by org.testng.reporters.JUnitReportReporter -->
<testsuite skipped="0" hostname="LAPTOP-LOG2SSBM" name="Come.FifthTest" tests="2" failures="0" timestamp="19 Jun 2020 11:14:47 GMT" time="17.617" errors="0">
  <testcase name="alertone" time="9.011" classname="Come.FifthTest"/>
  <testcase name="alerttwo" time="8.606" classname="Come.FifthTest"/>
</testsuite> <!-- Come.FifthTest -->
