<?xml version="1.0" encoding="UTF-8"?>
<!-- Generated by org.testng.reporters.JUnitReportReporter -->
<testsuite skipped="0" hostname="LAPTOP-LOG2SSBM" name="Come.FourthTest" tests="3" failures="0" timestamp="20 Jun 2020 12:50:26 GMT" time="17.532" errors="0">
  <testcase name="startt" time="4.428" classname="Come.FourthTest"/>
  <testcase name="trail" time="9.292" classname="Come.FourthTest"/>
  <testcase name="drag" time="3.812" classname="Come.FourthTest"/>
</testsuite> <!-- Come.FourthTest -->
